<?xml version="1.0" encoding="UTF-8"?>
<testng-results ignored="0" total="1" passed="1" failed="0" skipped="0">
  <reporter-output>
    <line>
      <![CDATA[http://www.fb.com]]>
    </line>
    <line>
      <![CDATA[Facebook - Log In or Sign Up]]>
    </line>
    <line>
      <![CDATA[A1]]>
    </line>
    <line>
      <![CDATA[admin]]>
    </line>
  </reporter-output>
  <suite started-at="2022-03-04T02:39:52Z" name="Suite" finished-at="2022-03-04T02:39:59Z" duration-ms="7768">
    <groups>
    </groups>
    <test started-at="2022-03-04T02:39:52Z" name="Regression" finished-at="2022-03-04T02:39:59Z" duration-ms="7768">
      <class name="script_Mar2.Test1">
        <test-method is-config="true" signature="openApp()[pri:0, instance:script_Mar2.Test1@40317ba2]" started-at="2022-03-04T02:39:52Z" name="openApp" finished-at="2022-03-04T02:39:55Z" duration-ms="2979" status="PASS">
          <reporter-output>
          </reporter-output>
        </test-method> <!-- openApp -->
        <test-method signature="testA()[pri:0, instance:script_Mar2.Test1@40317ba2]" started-at="2022-03-04T02:39:55Z" name="testA" finished-at="2022-03-04T02:39:55Z" duration-ms="594" status="PASS">
          <reporter-output>
            <line>
              <![CDATA[http://www.fb.com]]>
            </line>
            <line>
              <![CDATA[Facebook - Log In or Sign Up]]>
            </line>
            <line>
              <![CDATA[A1]]>
            </line>
            <line>
              <![CDATA[admin]]>
            </line>
          </reporter-output>
        </test-method> <!-- testA -->
        <test-method is-config="true" signature="closeApp()[pri:0, instance:script_Mar2.Test1@40317ba2]" started-at="2022-03-04T02:39:55Z" name="closeApp" finished-at="2022-03-04T02:39:59Z" duration-ms="4172" status="PASS">
          <reporter-output>
          </reporter-output>
        </test-method> <!-- closeApp -->
      </class> <!-- script_Mar2.Test1 -->
    </test> <!-- Regression -->
  </suite> <!-- Suite -->
</testng-results>
